[2025-11-30T03:45:19.955+0000] {manager.py:487} INFO - Processing files using up to 2 processes at a time 
[2025-11-30T03:45:19.956+0000] {manager.py:488} INFO - Process each file at most once every 30 seconds
[2025-11-30T03:45:19.956+0000] {manager.py:489} INFO - Checking for new files in /opt/airflow/dags every 300 seconds
[2025-11-30T03:45:19.956+0000] {manager.py:755} INFO - Searching for files in /opt/airflow/dags
[2025-11-30T03:45:19.957+0000] {manager.py:758} INFO - There are 1 files in /opt/airflow/dags
[2025-11-30T03:45:20.016+0000] {manager.py:887} INFO - 
================================================================================
DAG File Processing Stats

File Path                                        PID  Runtime      # DAGs    # Errors  Last Runtime    Last Run
---------------------------------------------  -----  ---------  --------  ----------  --------------  ----------
/opt/airflow/dags/test_postgres_connection.py    170  0.03s             0           0
================================================================================
[2025-11-30T03:45:35.154+0000] {manager.py:469} INFO - Exiting gracefully upon receiving signal 15
[2025-11-30T03:46:13.296+0000] {manager.py:487} INFO - Processing files using up to 2 processes at a time 
[2025-11-30T03:46:13.297+0000] {manager.py:488} INFO - Process each file at most once every 30 seconds
[2025-11-30T03:46:13.297+0000] {manager.py:489} INFO - Checking for new files in /opt/airflow/dags every 300 seconds
[2025-11-30T03:46:13.297+0000] {manager.py:755} INFO - Searching for files in /opt/airflow/dags
[2025-11-30T03:46:13.298+0000] {manager.py:758} INFO - There are 1 files in /opt/airflow/dags
[2025-11-30T03:46:13.353+0000] {manager.py:887} INFO - 
================================================================================
DAG File Processing Stats

File Path                                        PID  Runtime      # DAGs    # Errors  Last Runtime    Last Run
---------------------------------------------  -----  ---------  --------  ----------  --------------  ----------
/opt/airflow/dags/test_postgres_connection.py    170  0.02s             0           0
================================================================================
[2025-11-30T03:46:46.626+0000] {manager.py:887} INFO - 
================================================================================
DAG File Processing Stats

File Path                                      PID    Runtime      # DAGs    # Errors  Last Runtime    Last Run
---------------------------------------------  -----  ---------  --------  ----------  --------------  -------------------
/opt/airflow/dags/test_postgres_connection.py                           1           0  0.07s           2025-11-30T03:46:43
================================================================================
[2025-11-30T03:47:12.238+0000] {manager.py:469} INFO - Exiting gracefully upon receiving signal 15
[2025-11-30T03:47:27.558+0000] {manager.py:487} INFO - Processing files using up to 2 processes at a time 
[2025-11-30T03:47:27.558+0000] {manager.py:488} INFO - Process each file at most once every 30 seconds
[2025-11-30T03:47:27.558+0000] {manager.py:489} INFO - Checking for new files in /opt/airflow/dags every 300 seconds
[2025-11-30T03:47:27.559+0000] {manager.py:755} INFO - Searching for files in /opt/airflow/dags
[2025-11-30T03:47:27.559+0000] {manager.py:758} INFO - There are 1 files in /opt/airflow/dags
[2025-11-30T03:47:27.614+0000] {manager.py:887} INFO - 
================================================================================
DAG File Processing Stats

File Path                                        PID  Runtime      # DAGs    # Errors  Last Runtime    Last Run
---------------------------------------------  -----  ---------  --------  ----------  --------------  ----------
/opt/airflow/dags/test_postgres_connection.py    170  0.02s             0           0
================================================================================
[2025-11-30T03:48:00.718+0000] {manager.py:887} INFO - 
================================================================================
DAG File Processing Stats

File Path                                      PID    Runtime      # DAGs    # Errors  Last Runtime    Last Run
---------------------------------------------  -----  ---------  --------  ----------  --------------  -------------------
/opt/airflow/dags/test_postgres_connection.py                           1           0  0.08s           2025-11-30T03:47:57
================================================================================
[2025-11-30T03:48:33.829+0000] {manager.py:887} INFO - 
================================================================================
DAG File Processing Stats

File Path                                      PID    Runtime      # DAGs    # Errors  Last Runtime    Last Run
---------------------------------------------  -----  ---------  --------  ----------  --------------  -------------------
/opt/airflow/dags/test_postgres_connection.py                           1           0  0.06s           2025-11-30T03:48:27
================================================================================
[2025-11-30T03:49:06.909+0000] {manager.py:887} INFO - 
================================================================================
DAG File Processing Stats

File Path                                      PID    Runtime      # DAGs    # Errors  Last Runtime    Last Run
---------------------------------------------  -----  ---------  --------  ----------  --------------  -------------------
/opt/airflow/dags/test_postgres_connection.py                           1           0  0.06s           2025-11-30T03:48:57
================================================================================
[2025-11-30T03:49:40.042+0000] {manager.py:887} INFO - 
================================================================================
DAG File Processing Stats

File Path                                      PID    Runtime      # DAGs    # Errors  Last Runtime    Last Run
---------------------------------------------  -----  ---------  --------  ----------  --------------  -------------------
/opt/airflow/dags/test_postgres_connection.py                           1           0  0.06s           2025-11-30T03:49:28
================================================================================
[2025-11-30T03:50:13.170+0000] {manager.py:887} INFO - 
================================================================================
DAG File Processing Stats

File Path                                      PID    Runtime      # DAGs    # Errors  Last Runtime    Last Run
---------------------------------------------  -----  ---------  --------  ----------  --------------  -------------------
/opt/airflow/dags/test_postgres_connection.py                           1           0  0.06s           2025-11-30T03:49:58
================================================================================
[2025-11-30T03:50:46.236+0000] {manager.py:887} INFO - 
================================================================================
DAG File Processing Stats

File Path                                      PID    Runtime      # DAGs    # Errors  Last Runtime    Last Run
---------------------------------------------  -----  ---------  --------  ----------  --------------  -------------------
/opt/airflow/dags/test_postgres_connection.py                           1           0  0.08s           2025-11-30T03:50:28
================================================================================
[2025-11-30T03:51:19.367+0000] {manager.py:887} INFO - 
================================================================================
DAG File Processing Stats

File Path                                      PID    Runtime      # DAGs    # Errors  Last Runtime    Last Run
---------------------------------------------  -----  ---------  --------  ----------  --------------  -------------------
/opt/airflow/dags/test_postgres_connection.py                           1           0  0.10s           2025-11-30T03:50:58
================================================================================
[2025-11-30T03:51:52.529+0000] {manager.py:887} INFO - 
================================================================================
DAG File Processing Stats

File Path                                      PID    Runtime      # DAGs    # Errors  Last Runtime    Last Run
---------------------------------------------  -----  ---------  --------  ----------  --------------  -------------------
/opt/airflow/dags/test_postgres_connection.py                           1           0  0.06s           2025-11-30T03:51:28
================================================================================
[2025-11-30T03:52:25.630+0000] {manager.py:887} INFO - 
================================================================================
DAG File Processing Stats

File Path                                      PID    Runtime      # DAGs    # Errors  Last Runtime    Last Run
---------------------------------------------  -----  ---------  --------  ----------  --------------  -------------------
/opt/airflow/dags/test_postgres_connection.py                           1           0  0.06s           2025-11-30T03:51:58
================================================================================
[2025-11-30T03:52:27.637+0000] {manager.py:755} INFO - Searching for files in /opt/airflow/dags
[2025-11-30T03:52:27.638+0000] {manager.py:758} INFO - There are 1 files in /opt/airflow/dags
[2025-11-30T03:52:58.753+0000] {manager.py:887} INFO - 
================================================================================
DAG File Processing Stats

File Path                                      PID    Runtime      # DAGs    # Errors  Last Runtime    Last Run
---------------------------------------------  -----  ---------  --------  ----------  --------------  -------------------
/opt/airflow/dags/test_postgres_connection.py                           1           0  0.07s           2025-11-30T03:52:28
================================================================================
[2025-11-30T03:53:31.938+0000] {manager.py:887} INFO - 
================================================================================
DAG File Processing Stats

File Path                                      PID    Runtime      # DAGs    # Errors  Last Runtime    Last Run
---------------------------------------------  -----  ---------  --------  ----------  --------------  -------------------
/opt/airflow/dags/test_postgres_connection.py                           1           0  0.06s           2025-11-30T03:53:28
================================================================================
[2025-11-30T03:54:05.039+0000] {manager.py:887} INFO - 
================================================================================
DAG File Processing Stats

File Path                                      PID    Runtime      # DAGs    # Errors  Last Runtime    Last Run
---------------------------------------------  -----  ---------  --------  ----------  --------------  -------------------
/opt/airflow/dags/test_postgres_connection.py                           1           0  0.07s           2025-11-30T03:53:59
================================================================================
[2025-11-30T03:54:38.132+0000] {manager.py:887} INFO - 
================================================================================
DAG File Processing Stats

File Path                                      PID    Runtime      # DAGs    # Errors  Last Runtime    Last Run
---------------------------------------------  -----  ---------  --------  ----------  --------------  -------------------
/opt/airflow/dags/test_postgres_connection.py                           1           0  0.06s           2025-11-30T03:54:29
================================================================================
[2025-11-30T03:55:08.306+0000] {manager.py:887} INFO - 
================================================================================
DAG File Processing Stats

File Path                                      PID    Runtime      # DAGs    # Errors  Last Runtime    Last Run
---------------------------------------------  -----  ---------  --------  ----------  --------------  -------------------
/opt/airflow/dags/test_postgres_connection.py                           1           0  0.07s           2025-11-30T03:54:59
================================================================================
[2025-11-30T03:55:41.423+0000] {manager.py:887} INFO - 
================================================================================
DAG File Processing Stats

File Path                                      PID    Runtime      # DAGs    # Errors  Last Runtime    Last Run
---------------------------------------------  -----  ---------  --------  ----------  --------------  -------------------
/opt/airflow/dags/test_postgres_connection.py                           1           0  0.06s           2025-11-30T03:55:29
================================================================================
[2025-11-30T03:56:14.499+0000] {manager.py:887} INFO - 
================================================================================
DAG File Processing Stats

File Path                                      PID    Runtime      # DAGs    # Errors  Last Runtime    Last Run
---------------------------------------------  -----  ---------  --------  ----------  --------------  -------------------
/opt/airflow/dags/test_postgres_connection.py                           1           0  0.14s           2025-11-30T03:55:59
================================================================================
[2025-11-30T03:56:47.691+0000] {manager.py:887} INFO - 
================================================================================
DAG File Processing Stats

File Path                                      PID    Runtime      # DAGs    # Errors  Last Runtime    Last Run
---------------------------------------------  -----  ---------  --------  ----------  --------------  -------------------
/opt/airflow/dags/test_postgres_connection.py                           1           0  0.09s           2025-11-30T03:56:29
================================================================================
[2025-11-30T03:57:20.890+0000] {manager.py:887} INFO - 
================================================================================
DAG File Processing Stats

File Path                                      PID    Runtime      # DAGs    # Errors  Last Runtime    Last Run
---------------------------------------------  -----  ---------  --------  ----------  --------------  -------------------
/opt/airflow/dags/test_postgres_connection.py                           1           0  0.06s           2025-11-30T03:56:59
================================================================================
[2025-11-30T03:57:27.933+0000] {manager.py:755} INFO - Searching for files in /opt/airflow/dags
[2025-11-30T03:57:27.934+0000] {manager.py:758} INFO - There are 1 files in /opt/airflow/dags
[2025-11-30T03:57:54.025+0000] {manager.py:887} INFO - 
================================================================================
DAG File Processing Stats

File Path                                      PID    Runtime      # DAGs    # Errors  Last Runtime    Last Run
---------------------------------------------  -----  ---------  --------  ----------  --------------  -------------------
/opt/airflow/dags/test_postgres_connection.py                           1           0  0.06s           2025-11-30T03:57:30
================================================================================
[2025-11-30T03:58:27.135+0000] {manager.py:887} INFO - 
================================================================================
DAG File Processing Stats

File Path                                      PID    Runtime      # DAGs    # Errors  Last Runtime    Last Run
---------------------------------------------  -----  ---------  --------  ----------  --------------  -------------------
/opt/airflow/dags/test_postgres_connection.py                           1           0  0.06s           2025-11-30T03:58:00
================================================================================
[2025-11-30T03:59:00.240+0000] {manager.py:887} INFO - 
================================================================================
DAG File Processing Stats

File Path                                        PID  Runtime      # DAGs    # Errors  Last Runtime    Last Run
---------------------------------------------  -----  ---------  --------  ----------  --------------  -------------------
/opt/airflow/dags/test_postgres_connection.py    288  0.00s             1           0  0.06s           2025-11-30T03:58:30
================================================================================
[2025-11-30T03:59:33.353+0000] {manager.py:887} INFO - 
================================================================================
DAG File Processing Stats

File Path                                      PID    Runtime      # DAGs    # Errors  Last Runtime    Last Run
---------------------------------------------  -----  ---------  --------  ----------  --------------  -------------------
/opt/airflow/dags/test_postgres_connection.py                           1           0  0.07s           2025-11-30T03:59:30
================================================================================
[2025-11-30T04:00:06.447+0000] {manager.py:887} INFO - 
================================================================================
DAG File Processing Stats

File Path                                      PID    Runtime      # DAGs    # Errors  Last Runtime    Last Run
---------------------------------------------  -----  ---------  --------  ----------  --------------  -------------------
/opt/airflow/dags/test_postgres_connection.py                           1           0  0.07s           2025-11-30T04:00:00
================================================================================
